<?xml version='1.0' encoding='UTF-8'?>
<testsuite hostname="benczels-MacBook-Pro.local" name="hu.datapao.imdb.MoviePageParserTest" tests="2" errors="0" failures="0" skipped="0" time="0.381" timestamp="2023-03-30T22:54:23">
          <properties>
      <property name="jline.esc.timeout" value="0"/><property name="jna.platform.library.path" value="/usr/lib:/usr/lib"/><property name="java.runtime.name" value="OpenJDK Runtime Environment"/><property name="sun.boot.library.path" value="/Users/benczel/Library/Caches/Coursier/arc/https/github.com/AdoptOpenJDK/openjdk8-binaries/releases/download/jdk8u292-b10/OpenJDK8U-jdk_x64_mac_hotspot_8u292b10.tar.gz/jdk8u292-b10/Contents/Home/jre/lib"/><property name="java.vm.version" value="25.292-b10"/><property name="gopherProxySet" value="false"/><property name="java.vm.vendor" value="AdoptOpenJDK"/><property name="java.vendor.url" value="https://adoptopenjdk.net/"/><property name="path.separator" value=":"/><property name="jna.loaded" value="true"/><property name="java.vm.name" value="OpenJDK 64-Bit Server VM"/><property name="file.encoding.pkg" value="sun.io"/><property name="user.country" value="HU"/><property name="sun.java.launcher" value="SUN_STANDARD"/><property name="sun.os.patch.level" value="unknown"/><property name="jna.nosys" value="true"/><property name="java.vm.specification.name" value="Java Virtual Machine Specification"/><property name="user.dir" value="/Users/benczel/Documents/Projects/Own/datapao_homework/imdb"/><property name="java.runtime.version" value="1.8.0_292-b10"/><property name="java.awt.graphicsenv" value="sun.awt.CGraphicsEnvironment"/><property name="idea.managed" value="true"/><property name="java.endorsed.dirs" value="/Users/benczel/Library/Caches/Coursier/arc/https/github.com/AdoptOpenJDK/openjdk8-binaries/releases/download/jdk8u292-b10/OpenJDK8U-jdk_x64_mac_hotspot_8u292b10.tar.gz/jdk8u292-b10/Contents/Home/jre/lib/endorsed"/><property name="os.arch" value="x86_64"/><property name="java.io.tmpdir" value="/var/folders/v1/38_q8h0x6_gbljsng02pj9k00000gn/T/"/><property name="line.separator" value="
"/><property name="java.vm.specification.vendor" value="Oracle Corporation"/><property name="log4j.ignoreTCL" value="true"/><property name="os.name" value="Mac OS X"/><property name="sun.jnu.encoding" value="UTF-8"/><property name="jnidispatch.path" value="/Users/benczel/Library/Caches/JNA/temp/jna7201495883971982047.tmp"/><property name="java.library.path" value="/Users/benczel/Library/Java/Extensions:/Library/Java/Extensions:/Network/Library/Java/Extensions:/System/Library/Java/Extensions:/usr/lib/java:."/><property name="java.specification.name" value="Java Platform API Specification"/><property name="java.class.version" value="52.0"/><property name="sbt.ipcsocket.tmpdir" value="/var/folders/v1/38_q8h0x6_gbljsng02pj9k00000gn/T/.sbtc71c4110/ipcsocket"/><property name="sun.management.compiler" value="HotSpot 64-Bit Tiered Compilers"/><property name="os.version" value="10.16"/><property name="http.nonProxyHosts" value="local|*.local|169.254/16|*.169.254/16"/><property name="swoval.tmpdir" value="/var/folders/v1/38_q8h0x6_gbljsng02pj9k00000gn/T/.sbtc71c4110/swoval"/><property name="user.home" value="/Users/benczel"/><property name="sun.net.http.allowRestrictedHeaders" value="true"/><property name="user.timezone" value="Europe/Budapest"/><property name="java.awt.printerjob" value="sun.lwawt.macosx.CPrinterJob"/><property name="idea.installation.dir" value="/Applications/IntelliJ IDEA CE.app/Contents"/><property name="file.encoding" value="UTF-8"/><property name="java.specification.version" value="1.8"/><property name="java.class.path" value="/Users/benczel/Library/Application Support/JetBrains/IdeaIC2022.3/plugins/Scala/launcher/sbt-launch.jar"/><property name="user.name" value="benczel"/><property name="jline.shutdownhook" value="false"/><property name="java.vm.specification.version" value="1.8"/><property name="sun.java.command" value="/Users/benczel/Library/Application Support/JetBrains/IdeaIC2022.3/plugins/Scala/launcher/sbt-launch.jar early(addPluginSbtFile=&quot;&quot;&quot;/private/var/folders/v1/38_q8h0x6_gbljsng02pj9k00000gn/T/idea2.sbt&quot;&quot;&quot;) ; set ideaPort in Global := 50068 ; idea-shell"/><property name="java.home" value="/Users/benczel/Library/Caches/Coursier/arc/https/github.com/AdoptOpenJDK/openjdk8-binaries/releases/download/jdk8u292-b10/OpenJDK8U-jdk_x64_mac_hotspot_8u292b10.tar.gz/jdk8u292-b10/Contents/Home/jre"/><property name="sun.arch.data.model" value="64"/><property name="user.language" value="en"/><property name="java.specification.vendor" value="Oracle Corporation"/><property name="awt.toolkit" value="sun.lwawt.macosx.LWCToolkit"/><property name="java.vm.info" value="mixed mode"/><property name="java.version" value="1.8.0_292"/><property name="java.ext.dirs" value="/Users/benczel/Library/Java/Extensions:/Users/benczel/Library/Caches/Coursier/arc/https/github.com/AdoptOpenJDK/openjdk8-binaries/releases/download/jdk8u292-b10/OpenJDK8U-jdk_x64_mac_hotspot_8u292b10.tar.gz/jdk8u292-b10/Contents/Home/jre/lib/ext:/Library/Java/Extensions:/Network/Library/Java/Extensions:/System/Library/Java/Extensions:/usr/lib/java"/><property name="sun.boot.class.path" value="/Users/benczel/Library/Caches/Coursier/arc/https/github.com/AdoptOpenJDK/openjdk8-binaries/releases/download/jdk8u292-b10/OpenJDK8U-jdk_x64_mac_hotspot_8u292b10.tar.gz/jdk8u292-b10/Contents/Home/jre/lib/resources.jar:/Users/benczel/Library/Caches/Coursier/arc/https/github.com/AdoptOpenJDK/openjdk8-binaries/releases/download/jdk8u292-b10/OpenJDK8U-jdk_x64_mac_hotspot_8u292b10.tar.gz/jdk8u292-b10/Contents/Home/jre/lib/rt.jar:/Users/benczel/Library/Caches/Coursier/arc/https/github.com/AdoptOpenJDK/openjdk8-binaries/releases/download/jdk8u292-b10/OpenJDK8U-jdk_x64_mac_hotspot_8u292b10.tar.gz/jdk8u292-b10/Contents/Home/jre/lib/sunrsasign.jar:/Users/benczel/Library/Caches/Coursier/arc/https/github.com/AdoptOpenJDK/openjdk8-binaries/releases/download/jdk8u292-b10/OpenJDK8U-jdk_x64_mac_hotspot_8u292b10.tar.gz/jdk8u292-b10/Contents/Home/jre/lib/jsse.jar:/Users/benczel/Library/Caches/Coursier/arc/https/github.com/AdoptOpenJDK/openjdk8-binaries/releases/download/jdk8u292-b10/OpenJDK8U-jdk_x64_mac_hotspot_8u292b10.tar.gz/jdk8u292-b10/Contents/Home/jre/lib/jce.jar:/Users/benczel/Library/Caches/Coursier/arc/https/github.com/AdoptOpenJDK/openjdk8-binaries/releases/download/jdk8u292-b10/OpenJDK8U-jdk_x64_mac_hotspot_8u292b10.tar.gz/jdk8u292-b10/Contents/Home/jre/lib/charsets.jar:/Users/benczel/Library/Caches/Coursier/arc/https/github.com/AdoptOpenJDK/openjdk8-binaries/releases/download/jdk8u292-b10/OpenJDK8U-jdk_x64_mac_hotspot_8u292b10.tar.gz/jdk8u292-b10/Contents/Home/jre/lib/jfr.jar:/Users/benczel/Library/Caches/Coursier/arc/https/github.com/AdoptOpenJDK/openjdk8-binaries/releases/download/jdk8u292-b10/OpenJDK8U-jdk_x64_mac_hotspot_8u292b10.tar.gz/jdk8u292-b10/Contents/Home/jre/classes"/><property name="java.vendor" value="AdoptOpenJDK"/><property name="file.separator" value="/"/><property name="java.vendor.url.bug" value="https://github.com/AdoptOpenJDK/openjdk-support/issues"/><property name="sbt.supershell" value="false"/><property name="sun.io.unicode.encoding" value="UnicodeBig"/><property name="sun.cpu.endian" value="little"/><property name="socksNonProxyHosts" value="local|*.local|169.254/16|*.169.254/16"/><property name="ftp.nonProxyHosts" value="local|*.local|169.254/16|*.169.254/16"/><property name="sun.cpu.isalist" value=""/>
    </properties>
          <testcase classname="hu.datapao.imdb.MoviePageParserTest" name="the movie has not won Oscar" time="0.377">
                      
                    </testcase><testcase classname="hu.datapao.imdb.MoviePageParserTest" name="movie page title is TheShawshank Redemption/A remÃ©ny rabjai" time="0.004">
                      
                    </testcase>
          <system-out><![CDATA[]]></system-out>
          <system-err><![CDATA[]]></system-err>
        </testsuite>